2026-06-13 20:16:53,930 [INFO] Starting Baseline 4 Training Pipeline
2026-06-13 20:16:54,179 [INFO] Training on device: cuda
2026-06-13 20:18:14,438 [INFO] Initializing training loop
2026-06-13 20:18:14,439 [INFO] All outputs will be saved to: /kaggle/working/Hierarchical-Deep-Temporal-Model-for-Group-Activity-Recognition/models/baseline_4/outputs/baseline_4_run_20260613_201653
2026-06-13 20:18:14,439 [INFO] 
=============== Epoch 1/25 ===============
2026-06-13 20:21:17,763 [INFO] Evaluating validation set
2026-06-13 20:23:19,863 [INFO] Train Loss: 2.1287 | Train Acc: 16.08%
2026-06-13 20:23:19,863 [INFO] Val Loss:   1.9861 | Val Acc:   23.34%
2026-06-13 20:23:19,863 [INFO] 
 Validation Metrics Breakdown
2026-06-13 20:23:19,878 [INFO] 
              precision    recall  f1-score   support

           0       0.24      0.27      0.25       169
           1       0.28      0.20      0.23       189
           2       0.30      0.37      0.33       238
           3       0.20      0.04      0.06        85
           4       0.18      0.12      0.15       104
           5       0.28      0.16      0.20       222
           6       0.17      0.28      0.21       174
           7       0.19      0.27      0.22       160

    accuracy                           0.23      1341
   macro avg       0.23      0.21      0.21      1341
weighted avg       0.24      0.23      0.23      1341

2026-06-13 20:23:19,878 [INFO] ** Validation accuracy improved from 0.00% to 23.34%. Saving model **
2026-06-13 20:23:21,704 [INFO] 
=============== Epoch 2/25 ===============
2026-06-13 20:26:02,662 [INFO] Evaluating validation set
2026-06-13 20:27:49,962 [INFO] Train Loss: 1.9243 | Train Acc: 25.93%
2026-06-13 20:27:49,962 [INFO] Val Loss:   1.8027 | Val Acc:   36.39%
2026-06-13 20:27:49,962 [INFO] 
 Validation Metrics Breakdown
2026-06-13 20:27:49,972 [INFO] 
              precision    recall  f1-score   support

           0       0.35      0.46      0.39       169
           1       0.33      0.60      0.43       189
           2       0.43      0.24      0.30       238
           3       0.29      0.41      0.34        85
           4       0.49      0.35      0.41       104
           5       0.36      0.28      0.31       222
           6       0.38      0.30      0.34       174
           7       0.40      0.35      0.37       160

    accuracy                           0.36      1341
   macro avg       0.38      0.37      0.36      1341
weighted avg       0.38      0.36      0.36      1341

2026-06-13 20:27:49,972 [INFO] ** Validation accuracy improved from 23.34% to 36.39%. Saving model **
2026-06-13 20:27:51,954 [INFO] 
=============== Epoch 3/25 ===============
2026-06-13 20:30:27,679 [INFO] Evaluating validation set
2026-06-13 20:32:17,296 [INFO] Train Loss: 1.5131 | Train Acc: 46.47%
2026-06-13 20:32:17,296 [INFO] Val Loss:   1.4362 | Val Acc:   52.87%
2026-06-13 20:32:17,296 [INFO] 
 Validation Metrics Breakdown
2026-06-13 20:32:17,306 [INFO] 
              precision    recall  f1-score   support

           0       0.56      0.47      0.51       169
           1       0.55      0.68      0.61       189
           2       0.57      0.36      0.44       238
           3       0.48      0.56      0.52        85
           4       0.44      0.67      0.53       104
           5       0.51      0.55      0.53       222
           6       0.52      0.55      0.54       174
           7       0.60      0.50      0.55       160

    accuracy                           0.53      1341
   macro avg       0.53      0.54      0.53      1341
weighted avg       0.54      0.53      0.52      1341

2026-06-13 20:32:17,306 [INFO] ** Validation accuracy improved from 36.39% to 52.87%. Saving model **
2026-06-13 20:32:19,311 [INFO] 
=============== Epoch 4/25 ===============
2026-06-13 20:34:58,657 [INFO] Evaluating validation set
2026-06-13 20:36:41,283 [INFO] Train Loss: 1.1182 | Train Acc: 65.57%
2026-06-13 20:36:41,283 [INFO] Val Loss:   1.2625 | Val Acc:   59.43%
2026-06-13 20:36:41,284 [INFO] 
 Validation Metrics Breakdown
2026-06-13 20:36:41,293 [INFO] 
              precision    recall  f1-score   support

           0       0.62      0.50      0.56       169
           1       0.66      0.56      0.61       189
           2       0.66      0.47      0.55       238
           3       0.61      0.62      0.62        85
           4       0.61      0.83      0.70       104
           5       0.49      0.73      0.59       222
           6       0.63      0.69      0.66       174
           7       0.57      0.45      0.50       160

    accuracy                           0.59      1341
   macro avg       0.61      0.61      0.60      1341
weighted avg       0.61      0.59      0.59      1341

2026-06-13 20:36:41,293 [INFO] ** Validation accuracy improved from 52.87% to 59.43%. Saving model **
2026-06-13 20:36:43,269 [INFO] 
=============== Epoch 5/25 ===============
2026-06-13 20:39:21,660 [INFO] Evaluating validation set
2026-06-13 20:41:07,466 [INFO] Train Loss: 0.8358 | Train Acc: 79.28%
2026-06-13 20:41:07,466 [INFO] Val Loss:   1.1904 | Val Acc:   61.45%
2026-06-13 20:41:07,466 [INFO] 
 Validation Metrics Breakdown
2026-06-13 20:41:07,476 [INFO] 
              precision    recall  f1-score   support

           0       0.57      0.62      0.60       169
           1       0.61      0.74      0.67       189
           2       0.76      0.36      0.49       238
           3       0.58      0.80      0.67        85
           4       0.63      0.91      0.75       104
           5       0.59      0.57      0.58       222
           6       0.69      0.68      0.68       174
           7       0.53      0.54      0.54       160

    accuracy                           0.61      1341
   macro avg       0.62      0.65      0.62      1341
weighted avg       0.63      0.61      0.60      1341

2026-06-13 20:41:07,476 [INFO] ** Validation accuracy improved from 59.43% to 61.45%. Saving model **
2026-06-13 20:41:09,482 [INFO] 
=============== Epoch 6/25 ===============
2026-06-13 20:43:50,184 [INFO] Evaluating validation set
2026-06-13 20:45:38,907 [INFO] Train Loss: 0.6345 | Train Acc: 85.36%
2026-06-13 20:45:38,908 [INFO] Val Loss:   1.1501 | Val Acc:   62.49%
2026-06-13 20:45:38,908 [INFO] 
 Validation Metrics Breakdown
2026-06-13 20:45:38,918 [INFO] 
              precision    recall  f1-score   support

           0       0.55      0.63      0.59       169
           1       0.72      0.62      0.66       189
           2       0.69      0.54      0.61       238
           3       0.82      0.59      0.68        85
           4       0.66      0.94      0.77       104
           5       0.47      0.76      0.58       222
           6       0.85      0.57      0.68       174
           7       0.61      0.43      0.51       160

    accuracy                           0.62      1341
   macro avg       0.67      0.64      0.64      1341
weighted avg       0.66      0.62      0.62      1341

2026-06-13 20:45:38,918 [INFO] ** Validation accuracy improved from 61.45% to 62.49%. Saving model **
2026-06-13 20:45:40,881 [INFO] 
=============== Epoch 7/25 ===============
2026-06-13 20:48:19,948 [INFO] Evaluating validation set
2026-06-13 20:50:08,275 [INFO] Train Loss: 0.5029 | Train Acc: 90.29%
2026-06-13 20:50:08,276 [INFO] Val Loss:   1.0909 | Val Acc:   65.77%
2026-06-13 20:50:08,276 [INFO] 
 Validation Metrics Breakdown
2026-06-13 20:50:08,285 [INFO] 
              precision    recall  f1-score   support

           0       0.67      0.49      0.57       169
           1       0.57      0.82      0.67       189
           2       0.71      0.50      0.59       238
           3       0.88      0.60      0.71        85
           4       0.77      0.86      0.81       104
           5       0.59      0.67      0.62       222
           6       0.70      0.81      0.75       174
           7       0.64      0.60      0.62       160

    accuracy                           0.66      1341
   macro avg       0.69      0.67      0.67      1341
weighted avg       0.67      0.66      0.65      1341

2026-06-13 20:50:08,285 [INFO] ** Validation accuracy improved from 62.49% to 65.77%. Saving model **
2026-06-13 20:50:10,324 [INFO] 
=============== Epoch 8/25 ===============
2026-06-13 20:52:45,607 [INFO] Evaluating validation set
2026-06-13 20:54:33,151 [INFO] Train Loss: 0.4015 | Train Acc: 92.98%
2026-06-13 20:54:33,151 [INFO] Val Loss:   1.2714 | Val Acc:   58.69%
2026-06-13 20:54:33,152 [INFO] 
 Validation Metrics Breakdown
2026-06-13 20:54:33,160 [INFO] 
              precision    recall  f1-score   support

           0       0.41      0.73      0.53       169
           1       0.67      0.48      0.56       189
           2       0.74      0.36      0.49       238
           3       0.60      0.80      0.69        85
           4       0.81      0.85      0.83       104
           5       0.57      0.57      0.57       222
           6       0.81      0.51      0.63       174
           7       0.48      0.71      0.58       160

    accuracy                           0.59      1341
   macro avg       0.64      0.63      0.61      1341
weighted avg       0.64      0.59      0.58      1341

2026-06-13 20:54:33,161 [INFO] No improvement in validation accuracy for 1 consecutive epoch(s).
2026-06-13 20:54:33,161 [INFO] 
=============== Epoch 9/25 ===============
2026-06-13 20:57:09,626 [INFO] Evaluating validation set
2026-06-13 20:58:56,420 [INFO] Train Loss: 0.3287 | Train Acc: 94.56%
2026-06-13 20:58:56,420 [INFO] Val Loss:   1.0770 | Val Acc:   66.44%
2026-06-13 20:58:56,420 [INFO] 
 Validation Metrics Breakdown
2026-06-13 20:58:56,430 [INFO] 
              precision    recall  f1-score   support

           0       0.62      0.54      0.58       169
           1       0.64      0.76      0.69       189
           2       0.70      0.54      0.61       238
           3       0.79      0.72      0.75        85
           4       0.79      0.88      0.84       104
           5       0.59      0.69      0.63       222
           6       0.76      0.71      0.73       174
           7       0.59      0.61      0.60       160

    accuracy                           0.66      1341
   macro avg       0.68      0.68      0.68      1341
weighted avg       0.67      0.66      0.66      1341

2026-06-13 20:58:56,430 [INFO] ** Validation accuracy improved from 65.77% to 66.44%. Saving model **
2026-06-13 20:58:58,552 [INFO] 
=============== Epoch 10/25 ===============
2026-06-13 21:01:38,321 [INFO] Evaluating validation set
2026-06-13 21:03:24,657 [INFO] Train Loss: 0.3201 | Train Acc: 93.82%
2026-06-13 21:03:24,657 [INFO] Val Loss:   1.1416 | Val Acc:   63.91%
2026-06-13 21:03:24,658 [INFO] 
 Validation Metrics Breakdown
2026-06-13 21:03:24,667 [INFO] 
              precision    recall  f1-score   support

           0       0.60      0.58      0.59       169
           1       0.74      0.54      0.63       189
           2       0.55      0.72      0.62       238
           3       0.71      0.78      0.74        85
           4       0.73      0.86      0.79       104
           5       0.59      0.57      0.58       222
           6       0.66      0.74      0.70       174
           7       0.70      0.47      0.57       160

    accuracy                           0.64      1341
   macro avg       0.66      0.66      0.65      1341
weighted avg       0.65      0.64      0.64      1341

2026-06-13 21:03:24,667 [INFO] No improvement in validation accuracy for 1 consecutive epoch(s).
2026-06-13 21:03:24,667 [INFO] 
=============== Epoch 11/25 ===============
2026-06-13 21:06:00,346 [INFO] Evaluating validation set
2026-06-13 21:07:46,300 [INFO] Train Loss: 0.3168 | Train Acc: 93.63%
2026-06-13 21:07:46,300 [INFO] Val Loss:   1.2409 | Val Acc:   60.92%
2026-06-13 21:07:46,300 [INFO] 
 Validation Metrics Breakdown
2026-06-13 21:07:46,309 [INFO] 
              precision    recall  f1-score   support

           0       0.42      0.72      0.53       169
           1       0.79      0.24      0.37       189
           2       0.62      0.63      0.63       238
           3       0.82      0.79      0.80        85
           4       0.85      0.78      0.81       104
           5       0.54      0.78      0.64       222
           6       0.89      0.51      0.65       174
           7       0.58      0.55      0.56       160

    accuracy                           0.61      1341
   macro avg       0.69      0.63      0.62      1341
weighted avg       0.67      0.61      0.60      1341

2026-06-13 21:07:46,309 [INFO] No improvement in validation accuracy for 2 consecutive epoch(s).
2026-06-13 21:07:46,310 [INFO] 
=============== Epoch 12/25 ===============
2026-06-13 21:10:22,158 [INFO] Evaluating validation set
2026-06-13 21:12:08,849 [INFO] Train Loss: 0.2717 | Train Acc: 94.28%
2026-06-13 21:12:08,849 [INFO] Val Loss:   1.0588 | Val Acc:   67.04%
2026-06-13 21:12:08,849 [INFO] 
 Validation Metrics Breakdown
2026-06-13 21:12:08,860 [INFO] 
              precision    recall  f1-score   support

           0       0.69      0.51      0.59       169
           1       0.70      0.60      0.65       189
           2       0.57      0.73      0.64       238
           3       0.72      0.75      0.74        85
           4       0.73      0.92      0.82       104
           5       0.61      0.70      0.65       222
           6       0.81      0.67      0.73       174
           7       0.71      0.59      0.64       160

    accuracy                           0.67      1341
   macro avg       0.69      0.68      0.68      1341
weighted avg       0.68      0.67      0.67      1341

2026-06-13 21:12:08,860 [INFO] ** Validation accuracy improved from 66.44% to 67.04%. Saving model **
2026-06-13 21:12:10,802 [INFO] 
=============== Epoch 13/25 ===============
2026-06-13 21:14:46,379 [INFO] Evaluating validation set
2026-06-13 21:16:31,606 [INFO] Train Loss: 0.2468 | Train Acc: 95.07%
2026-06-13 21:16:31,606 [INFO] Val Loss:   1.1418 | Val Acc:   64.21%
2026-06-13 21:16:31,607 [INFO] 
 Validation Metrics Breakdown
2026-06-13 21:16:31,616 [INFO] 
              precision    recall  f1-score   support

           0       0.61      0.63      0.62       169
           1       0.67      0.59      0.63       189
           2       0.69      0.60      0.64       238
           3       0.66      0.79      0.72        85
           4       0.77      0.81      0.79       104
           5       0.56      0.59      0.57       222
           6       0.73      0.67      0.70       174
           7       0.55      0.64      0.59       160

    accuracy                           0.64      1341
   macro avg       0.65      0.66      0.66      1341
weighted avg       0.65      0.64      0.64      1341

2026-06-13 21:16:31,616 [INFO] No improvement in validation accuracy for 1 consecutive epoch(s).
2026-06-13 21:16:31,616 [INFO] 
=============== Epoch 14/25 ===============
2026-06-13 21:19:13,644 [INFO] Evaluating validation set
2026-06-13 21:21:02,030 [INFO] Train Loss: 0.2415 | Train Acc: 95.17%
2026-06-13 21:21:02,030 [INFO] Val Loss:   1.1783 | Val Acc:   65.55%
2026-06-13 21:21:02,030 [INFO] 
 Validation Metrics Breakdown
2026-06-13 21:21:02,039 [INFO] 
              precision    recall  f1-score   support

           0       0.67      0.56      0.61       169
           1       0.69      0.65      0.67       189
           2       0.68      0.63      0.65       238
           3       0.71      0.66      0.68        85
           4       0.71      0.84      0.77       104
           5       0.49      0.75      0.59       222
           6       0.82      0.68      0.74       174
           7       0.70      0.54      0.61       160

    accuracy                           0.66      1341
   macro avg       0.68      0.66      0.67      1341
weighted avg       0.67      0.66      0.66      1341

2026-06-13 21:21:02,039 [INFO] No improvement in validation accuracy for 2 consecutive epoch(s).
2026-06-13 21:21:02,039 [INFO] 
=============== Epoch 15/25 ===============
2026-06-13 21:23:36,777 [INFO] Evaluating validation set
2026-06-13 21:25:22,795 [INFO] Train Loss: 0.1909 | Train Acc: 96.56%
2026-06-13 21:25:22,795 [INFO] Val Loss:   1.1084 | Val Acc:   68.01%
2026-06-13 21:25:22,795 [INFO] 
 Validation Metrics Breakdown
2026-06-13 21:25:22,804 [INFO] 
              precision    recall  f1-score   support

           0       0.61      0.66      0.63       169
           1       0.80      0.65      0.72       189
           2       0.72      0.61      0.66       238
           3       0.73      0.75      0.74        85
           4       0.75      0.90      0.82       104
           5       0.56      0.67      0.61       222
           6       0.71      0.83      0.76       174
           7       0.69      0.53      0.60       160

    accuracy                           0.68      1341
   macro avg       0.70      0.70      0.69      1341
weighted avg       0.69      0.68      0.68      1341

2026-06-13 21:25:22,805 [INFO] ** Validation accuracy improved from 67.04% to 68.01%. Saving model **
2026-06-13 21:25:24,729 [INFO] 
=============== Epoch 16/25 ===============
2026-06-13 21:28:00,217 [INFO] Evaluating validation set
2026-06-13 21:29:47,935 [INFO] Train Loss: 0.1501 | Train Acc: 97.72%
2026-06-13 21:29:47,936 [INFO] Val Loss:   1.1023 | Val Acc:   69.13%
2026-06-13 21:29:47,936 [INFO] 
 Validation Metrics Breakdown
2026-06-13 21:29:47,945 [INFO] 
              precision    recall  f1-score   support

           0       0.60      0.66      0.63       169
           1       0.79      0.66      0.72       189
           2       0.79      0.57      0.66       238
           3       0.81      0.65      0.72        85
           4       0.69      0.95      0.80       104
           5       0.57      0.71      0.63       222
           6       0.73      0.85      0.79       174
           7       0.71      0.60      0.65       160

    accuracy                           0.69      1341
   macro avg       0.71      0.71      0.70      1341
weighted avg       0.71      0.69      0.69      1341

2026-06-13 21:29:47,945 [INFO] ** Validation accuracy improved from 68.01% to 69.13%. Saving model **
2026-06-13 21:29:49,947 [INFO] 
=============== Epoch 17/25 ===============
2026-06-13 21:32:27,094 [INFO] Evaluating validation set
2026-06-13 21:34:13,203 [INFO] Train Loss: 0.1337 | Train Acc: 98.28%
2026-06-13 21:34:13,203 [INFO] Val Loss:   1.1242 | Val Acc:   68.83%
2026-06-13 21:34:13,203 [INFO] 
 Validation Metrics Breakdown
2026-06-13 21:34:13,212 [INFO] 
              precision    recall  f1-score   support

           0       0.63      0.56      0.59       169
           1       0.66      0.79      0.72       189
           2       0.75      0.58      0.66       238
           3       0.83      0.73      0.78        85
           4       0.76      0.90      0.83       104
           5       0.57      0.69      0.62       222
           6       0.79      0.80      0.80       174
           7       0.69      0.57      0.63       160

    accuracy                           0.69      1341
   macro avg       0.71      0.70      0.70      1341
weighted avg       0.69      0.69      0.69      1341

2026-06-13 21:34:13,212 [INFO] No improvement in validation accuracy for 1 consecutive epoch(s).
2026-06-13 21:34:13,212 [INFO] 
=============== Epoch 18/25 ===============
2026-06-13 21:36:45,826 [INFO] Evaluating validation set
2026-06-13 21:38:33,564 [INFO] Train Loss: 0.1055 | Train Acc: 99.12%
2026-06-13 21:38:33,564 [INFO] Val Loss:   1.1258 | Val Acc:   69.65%
2026-06-13 21:38:33,564 [INFO] 
 Validation Metrics Breakdown
2026-06-13 21:38:33,573 [INFO] 
              precision    recall  f1-score   support

           0       0.60      0.67      0.63       169
           1       0.73      0.73      0.73       189
           2       0.76      0.59      0.66       238
           3       0.80      0.71      0.75        85
           4       0.77      0.92      0.84       104
           5       0.56      0.75      0.64       222
           6       0.79      0.79      0.79       174
           7       0.78      0.52      0.62       160

    accuracy                           0.70      1341
   macro avg       0.72      0.71      0.71      1341
weighted avg       0.71      0.70      0.70      1341

2026-06-13 21:38:33,573 [INFO] ** Validation accuracy improved from 69.13% to 69.65%. Saving model **
2026-06-13 21:38:35,715 [INFO] 
=============== Epoch 19/25 ===============
2026-06-13 21:41:12,532 [INFO] Evaluating validation set
2026-06-13 21:42:59,426 [INFO] Train Loss: 0.0893 | Train Acc: 99.40%
2026-06-13 21:42:59,426 [INFO] Val Loss:   1.1073 | Val Acc:   69.72%
2026-06-13 21:42:59,426 [INFO] 
 Validation Metrics Breakdown
2026-06-13 21:42:59,437 [INFO] 
              precision    recall  f1-score   support

           0       0.62      0.65      0.64       169
           1       0.73      0.74      0.73       189
           2       0.73      0.58      0.65       238
           3       0.77      0.78      0.77        85
           4       0.73      0.93      0.82       104
           5       0.57      0.72      0.63       222
           6       0.81      0.79      0.80       174
           7       0.76      0.55      0.64       160

    accuracy                           0.70      1341
   macro avg       0.71      0.72      0.71      1341
weighted avg       0.71      0.70      0.70      1341

2026-06-13 21:42:59,437 [INFO] ** Validation accuracy improved from 69.65% to 69.72%. Saving model **
2026-06-13 21:43:01,499 [INFO] 
=============== Epoch 20/25 ===============
2026-06-13 21:45:38,628 [INFO] Evaluating validation set
2026-06-13 21:47:26,250 [INFO] Train Loss: 0.0857 | Train Acc: 99.49%
2026-06-13 21:47:26,250 [INFO] Val Loss:   1.1292 | Val Acc:   69.43%
2026-06-13 21:47:26,250 [INFO] 
 Validation Metrics Breakdown
2026-06-13 21:47:26,262 [INFO] 
              precision    recall  f1-score   support

           0       0.62      0.55      0.58       169
           1       0.71      0.76      0.73       189
           2       0.72      0.64      0.68       238
           3       0.86      0.69      0.77        85
           4       0.83      0.91      0.87       104
           5       0.55      0.77      0.64       222
           6       0.80      0.77      0.78       174
           7       0.74      0.52      0.61       160

    accuracy                           0.69      1341
   macro avg       0.73      0.70      0.71      1341
weighted avg       0.71      0.69      0.69      1341

2026-06-13 21:47:26,262 [INFO] No improvement in validation accuracy for 1 consecutive epoch(s).
2026-06-13 21:47:26,262 [INFO] 
=============== Epoch 21/25 ===============
2026-06-13 21:50:05,797 [INFO] Evaluating validation set
2026-06-13 21:51:54,669 [INFO] Train Loss: 0.0832 | Train Acc: 99.40%
2026-06-13 21:51:54,669 [INFO] Val Loss:   1.1237 | Val Acc:   70.25%
2026-06-13 21:51:54,669 [INFO] 
 Validation Metrics Breakdown
2026-06-13 21:51:54,680 [INFO] 
              precision    recall  f1-score   support

           0       0.60      0.67      0.63       169
           1       0.75      0.72      0.74       189
           2       0.74      0.63      0.68       238
           3       0.83      0.71      0.76        85
           4       0.83      0.87      0.85       104
           5       0.59      0.71      0.64       222
           6       0.75      0.82      0.79       174
           7       0.72      0.57      0.64       160

    accuracy                           0.70      1341
   macro avg       0.73      0.71      0.72      1341
weighted avg       0.71      0.70      0.70      1341

2026-06-13 21:51:54,680 [INFO] ** Validation accuracy improved from 69.72% to 70.25%. Saving model **
2026-06-13 21:51:56,655 [INFO] 
=============== Epoch 22/25 ===============
2026-06-13 21:54:38,437 [INFO] Evaluating validation set
2026-06-13 21:56:28,642 [INFO] Train Loss: 0.0693 | Train Acc: 99.86%
2026-06-13 21:56:28,642 [INFO] Val Loss:   1.1276 | Val Acc:   69.13%
2026-06-13 21:56:28,642 [INFO] 
 Validation Metrics Breakdown
2026-06-13 21:56:28,657 [INFO] 
              precision    recall  f1-score   support

           0       0.62      0.62      0.62       169
           1       0.70      0.72      0.71       189
           2       0.78      0.55      0.65       238
           3       0.81      0.74      0.77        85
           4       0.83      0.91      0.87       104
           5       0.55      0.72      0.62       222
           6       0.78      0.83      0.80       174
           7       0.67      0.57      0.62       160

    accuracy                           0.69      1341
   macro avg       0.72      0.71      0.71      1341
weighted avg       0.70      0.69      0.69      1341

2026-06-13 21:56:28,657 [INFO] No improvement in validation accuracy for 1 consecutive epoch(s).
2026-06-13 21:56:28,657 [INFO] 
=============== Epoch 23/25 ===============
2026-06-13 21:59:07,528 [INFO] Evaluating validation set
2026-06-13 22:00:54,220 [INFO] Train Loss: 0.0710 | Train Acc: 99.72%
2026-06-13 22:00:54,220 [INFO] Val Loss:   1.1276 | Val Acc:   70.02%
2026-06-13 22:00:54,220 [INFO] 
 Validation Metrics Breakdown
2026-06-13 22:00:54,229 [INFO] 
              precision    recall  f1-score   support

           0       0.65      0.64      0.65       169
           1       0.79      0.67      0.72       189
           2       0.72      0.63      0.67       238
           3       0.82      0.74      0.78        85
           4       0.74      0.93      0.83       104
           5       0.56      0.76      0.64       222
           6       0.81      0.79      0.80       174
           7       0.69      0.56      0.62       160

    accuracy                           0.70      1341
   macro avg       0.72      0.71      0.71      1341
weighted avg       0.71      0.70      0.70      1341

2026-06-13 22:00:54,229 [INFO] No improvement in validation accuracy for 2 consecutive epoch(s).
2026-06-13 22:00:54,229 [INFO] 
=============== Epoch 24/25 ===============
2026-06-13 22:03:33,356 [INFO] Evaluating validation set
2026-06-13 22:05:21,099 [INFO] Train Loss: 0.0687 | Train Acc: 99.77%
2026-06-13 22:05:21,099 [INFO] Val Loss:   1.1427 | Val Acc:   69.95%
2026-06-13 22:05:21,099 [INFO] 
 Validation Metrics Breakdown
2026-06-13 22:05:21,108 [INFO] 
              precision    recall  f1-score   support

           0       0.65      0.63      0.64       169
           1       0.70      0.73      0.72       189
           2       0.79      0.58      0.67       238
           3       0.83      0.73      0.78        85
           4       0.83      0.91      0.87       104
           5       0.56      0.71      0.62       222
           6       0.78      0.83      0.80       174
           7       0.64      0.61      0.63       160

    accuracy                           0.70      1341
   macro avg       0.72      0.72      0.72      1341
weighted avg       0.71      0.70      0.70      1341

2026-06-13 22:05:21,109 [INFO] No improvement in validation accuracy for 3 consecutive epoch(s).
2026-06-13 22:05:21,109 [INFO] 
=============== Epoch 25/25 ===============
2026-06-13 22:07:58,568 [INFO] Evaluating validation set
2026-06-13 22:09:44,933 [INFO] Train Loss: 0.0640 | Train Acc: 100.00%
2026-06-13 22:09:44,933 [INFO] Val Loss:   1.1459 | Val Acc:   69.80%
2026-06-13 22:09:44,933 [INFO] 
 Validation Metrics Breakdown
2026-06-13 22:09:44,942 [INFO] 
              precision    recall  f1-score   support

           0       0.63      0.63      0.63       169
           1       0.71      0.75      0.73       189
           2       0.78      0.58      0.66       238
           3       0.81      0.72      0.76        85
           4       0.85      0.88      0.86       104
           5       0.57      0.70      0.63       222
           6       0.78      0.83      0.80       174
           7       0.65      0.62      0.63       160

    accuracy                           0.70      1341
   macro avg       0.72      0.71      0.71      1341
weighted avg       0.71      0.70      0.70      1341

2026-06-13 22:09:44,942 [INFO] No improvement in validation accuracy for 4 consecutive epoch(s).
2026-06-13 22:09:44,943 [INFO] 
============================================================
2026-06-13 22:09:44,943 [INFO] Training Pipeline Complete!
2026-06-13 22:09:44,943 [INFO] Best Validation Accuracy: 70.25%
2026-06-13 22:09:44,943 [INFO] Checkpoint safely stored at:
   -> /kaggle/working/Hierarchical-Deep-Temporal-Model-for-Group-Activity-Recognition/models/baseline_4/outputs/baseline_4_run_20260613_201653/best_baseline4_LSTM.pth
2026-06-13 22:09:44,943 [INFO] ============================================================

2026-06-13 22:09:44,944 [INFO] Baseline 4 Training Complete.
