2026-06-14 21:12:20,637 [INFO] Starting Baseline 6 Training Pipeline
2026-06-14 21:12:20,875 [INFO] Training on device: cuda
2026-06-14 21:13:09,728 [INFO] Initializing training loop
2026-06-14 21:13:09,730 [INFO] All outputs will be saved to: /kaggle/working/Hierarchical-Deep-Temporal-Model-for-Group-Activity-Recognition/models/baseline_6/outputs/baseline_6_run_20260614_211220
2026-06-14 21:13:09,730 [INFO] 
=============== Epoch 1/15 ===============
2026-06-14 21:21:25,345 [INFO] Evaluating validation set
2026-06-14 21:26:11,184 [INFO] Train Loss: 1.5055 | Train Acc: 44.38%
2026-06-14 21:26:11,189 [INFO] Val Loss:   1.4549 | Val Acc:   50.93%
2026-06-14 21:26:11,190 [INFO] 
 Validation Metrics Breakdown
2026-06-14 21:26:11,204 [INFO] 
              precision    recall  f1-score   support

           0       0.62      0.56      0.59       169
           1       0.67      0.44      0.54       189
           2       0.27      0.03      0.05       238
           3       0.23      0.15      0.18        85
           4       0.38      0.83      0.52       104
           5       0.44      0.85      0.58       222
           6       0.65      0.64      0.65       174
           7       0.61      0.61      0.61       160

    accuracy                           0.51      1341
   macro avg       0.49      0.51      0.47      1341
weighted avg       0.50      0.51      0.46      1341

2026-06-14 21:26:11,205 [INFO] ** Validation accuracy improved from 0.00% to 50.93%. Saving model **
2026-06-14 21:26:13,451 [INFO] 
=============== Epoch 2/15 ===============
2026-06-14 21:34:37,465 [INFO] Evaluating validation set
2026-06-14 21:39:21,313 [INFO] Train Loss: 1.1531 | Train Acc: 56.64%
2026-06-14 21:39:21,319 [INFO] Val Loss:   1.3306 | Val Acc:   55.63%
2026-06-14 21:39:21,319 [INFO] 
 Validation Metrics Breakdown
2026-06-14 21:39:21,329 [INFO] 
              precision    recall  f1-score   support

           0       0.59      0.71      0.64       169
           1       0.76      0.60      0.67       189
           2       0.48      0.42      0.45       238
           3       0.20      0.13      0.16        85
           4       0.35      0.82      0.49       104
           5       0.57      0.50      0.53       222
           6       0.76      0.69      0.73       174
           7       0.67      0.53      0.59       160

    accuracy                           0.56      1341
   macro avg       0.55      0.55      0.53      1341
weighted avg       0.58      0.56      0.56      1341

2026-06-14 21:39:21,329 [INFO] ** Validation accuracy improved from 50.93% to 55.63%. Saving model **
2026-06-14 21:39:23,130 [INFO] 
=============== Epoch 3/15 ===============
2026-06-14 21:47:46,925 [INFO] Evaluating validation set
2026-06-14 21:52:30,440 [INFO] Train Loss: 0.9986 | Train Acc: 65.33%
2026-06-14 21:52:30,440 [INFO] Val Loss:   1.1900 | Val Acc:   60.85%
2026-06-14 21:52:30,440 [INFO] 
 Validation Metrics Breakdown
2026-06-14 21:52:30,450 [INFO] 
              precision    recall  f1-score   support

           0       0.70      0.69      0.69       169
           1       0.80      0.67      0.73       189
           2       0.53      0.34      0.41       238
           3       0.27      0.11      0.15        85
           4       0.47      0.86      0.61       104
           5       0.48      0.79      0.60       222
           6       0.81      0.72      0.76       174
           7       0.77      0.59      0.67       160

    accuracy                           0.61      1341
   macro avg       0.60      0.59      0.58      1341
weighted avg       0.63      0.61      0.60      1341

2026-06-14 21:52:30,451 [INFO] ** Validation accuracy improved from 55.63% to 60.85%. Saving model **
2026-06-14 21:52:32,334 [INFO] 
=============== Epoch 4/15 ===============
2026-06-14 22:00:54,563 [INFO] Evaluating validation set
2026-06-14 22:05:37,374 [INFO] Train Loss: 0.8427 | Train Acc: 73.09%
2026-06-14 22:05:37,374 [INFO] Val Loss:   1.0656 | Val Acc:   65.10%
2026-06-14 22:05:37,374 [INFO] 
 Validation Metrics Breakdown
2026-06-14 22:05:37,383 [INFO] 
              precision    recall  f1-score   support

           0       0.71      0.70      0.70       169
           1       0.82      0.74      0.77       189
           2       0.55      0.44      0.49       238
           3       0.20      0.02      0.04        85
           4       0.49      0.95      0.64       104
           5       0.57      0.72      0.64       222
           6       0.77      0.78      0.78       174
           7       0.78      0.72      0.75       160

    accuracy                           0.65      1341
   macro avg       0.61      0.63      0.60      1341
weighted avg       0.64      0.65      0.63      1341

2026-06-14 22:05:37,384 [INFO] ** Validation accuracy improved from 60.85% to 65.10%. Saving model **
2026-06-14 22:05:39,272 [INFO] 
=============== Epoch 5/15 ===============
2026-06-14 22:14:00,426 [INFO] Evaluating validation set
2026-06-14 22:18:43,556 [INFO] Train Loss: 0.7555 | Train Acc: 75.60%
2026-06-14 22:18:43,561 [INFO] Val Loss:   0.9956 | Val Acc:   67.79%
2026-06-14 22:18:43,561 [INFO] 
 Validation Metrics Breakdown
2026-06-14 22:18:43,572 [INFO] 
              precision    recall  f1-score   support

           0       0.75      0.73      0.74       169
           1       0.88      0.70      0.78       189
           2       0.59      0.56      0.58       238
           3       0.36      0.06      0.10        85
           4       0.49      0.96      0.65       104
           5       0.60      0.65      0.63       222
           6       0.82      0.83      0.82       174
           7       0.78      0.78      0.78       160

    accuracy                           0.68      1341
   macro avg       0.66      0.66      0.63      1341
weighted avg       0.68      0.68      0.67      1341

2026-06-14 22:18:43,572 [INFO] ** Validation accuracy improved from 65.10% to 67.79%. Saving model **
2026-06-14 22:18:45,407 [INFO] 
=============== Epoch 6/15 ===============
2026-06-14 22:27:10,337 [INFO] Evaluating validation set
2026-06-14 22:31:53,402 [INFO] Train Loss: 0.6896 | Train Acc: 78.25%
2026-06-14 22:31:53,406 [INFO] Val Loss:   0.9485 | Val Acc:   68.61%
2026-06-14 22:31:53,407 [INFO] 
 Validation Metrics Breakdown
2026-06-14 22:31:53,416 [INFO] 
              precision    recall  f1-score   support

           0       0.77      0.75      0.76       169
           1       0.82      0.76      0.79       189
           2       0.62      0.53      0.57       238
           3       0.53      0.09      0.16        85
           4       0.52      0.94      0.67       104
           5       0.58      0.79      0.67       222
           6       0.88      0.70      0.78       174
           7       0.78      0.76      0.77       160

    accuracy                           0.69      1341
   macro avg       0.69      0.66      0.65      1341
weighted avg       0.70      0.69      0.67      1341

2026-06-14 22:31:53,416 [INFO] ** Validation accuracy improved from 67.79% to 68.61%. Saving model **
2026-06-14 22:31:55,320 [INFO] 
=============== Epoch 7/15 ===============
2026-06-14 22:40:19,278 [INFO] Evaluating validation set
2026-06-14 22:45:04,176 [INFO] Train Loss: 0.5710 | Train Acc: 83.88%
2026-06-14 22:45:04,181 [INFO] Val Loss:   0.9084 | Val Acc:   69.87%
2026-06-14 22:45:04,181 [INFO] 
 Validation Metrics Breakdown
2026-06-14 22:45:04,191 [INFO] 
              precision    recall  f1-score   support

           0       0.78      0.76      0.77       169
           1       0.82      0.79      0.81       189
           2       0.62      0.59      0.61       238
           3       0.33      0.11      0.16        85
           4       0.51      0.88      0.65       104
           5       0.63      0.74      0.68       222
           6       0.90      0.74      0.81       174
           7       0.80      0.77      0.78       160

    accuracy                           0.70      1341
   macro avg       0.67      0.67      0.66      1341
weighted avg       0.70      0.70      0.69      1341

2026-06-14 22:45:04,191 [INFO] ** Validation accuracy improved from 68.61% to 69.87%. Saving model **
2026-06-14 22:45:06,024 [INFO] 
=============== Epoch 8/15 ===============
2026-06-14 22:53:28,284 [INFO] Evaluating validation set
2026-06-14 22:58:10,813 [INFO] Train Loss: 0.5299 | Train Acc: 84.80%
2026-06-14 22:58:10,819 [INFO] Val Loss:   0.8514 | Val Acc:   71.29%
2026-06-14 22:58:10,819 [INFO] 
 Validation Metrics Breakdown
2026-06-14 22:58:10,829 [INFO] 
              precision    recall  f1-score   support

           0       0.76      0.79      0.77       169
           1       0.87      0.78      0.82       189
           2       0.59      0.75      0.66       238
           3       0.38      0.13      0.19        85
           4       0.51      0.88      0.65       104
           5       0.72      0.67      0.70       222
           6       0.91      0.76      0.83       174
           7       0.83      0.71      0.77       160

    accuracy                           0.71      1341
   macro avg       0.70      0.68      0.67      1341
weighted avg       0.72      0.71      0.71      1341

2026-06-14 22:58:10,829 [INFO] ** Validation accuracy improved from 69.87% to 71.29%. Saving model **
2026-06-14 22:58:12,646 [INFO] 
=============== Epoch 9/15 ===============
2026-06-14 23:06:35,230 [INFO] Evaluating validation set
2026-06-14 23:11:20,106 [INFO] Train Loss: 0.4777 | Train Acc: 86.06%
2026-06-14 23:11:20,107 [INFO] Val Loss:   0.8530 | Val Acc:   72.56%
2026-06-14 23:11:20,108 [INFO] 
 Validation Metrics Breakdown
2026-06-14 23:11:20,118 [INFO] 
              precision    recall  f1-score   support

           0       0.82      0.73      0.77       169
           1       0.90      0.68      0.77       189
           2       0.57      0.81      0.67       238
           3       0.52      0.31      0.39        85
           4       0.57      0.79      0.66       104
           5       0.79      0.73      0.76       222
           6       0.88      0.72      0.79       174
           7       0.79      0.82      0.80       160

    accuracy                           0.73      1341
   macro avg       0.73      0.70      0.70      1341
weighted avg       0.75      0.73      0.73      1341

2026-06-14 23:11:20,118 [INFO] ** Validation accuracy improved from 71.29% to 72.56%. Saving model **
2026-06-14 23:11:21,941 [INFO] 
=============== Epoch 10/15 ===============
2026-06-14 23:19:46,851 [INFO] Evaluating validation set
2026-06-14 23:24:29,274 [INFO] Train Loss: 0.4099 | Train Acc: 88.57%
2026-06-14 23:24:29,275 [INFO] Val Loss:   0.7979 | Val Acc:   73.23%
2026-06-14 23:24:29,276 [INFO] 
 Validation Metrics Breakdown
2026-06-14 23:24:29,286 [INFO] 
              precision    recall  f1-score   support

           0       0.84      0.71      0.77       169
           1       0.91      0.72      0.81       189
           2       0.64      0.75      0.69       238
           3       0.53      0.39      0.45        85
           4       0.60      0.76      0.67       104
           5       0.68      0.77      0.72       222
           6       0.89      0.76      0.82       174
           7       0.75      0.82      0.79       160

    accuracy                           0.73      1341
   macro avg       0.73      0.71      0.71      1341
weighted avg       0.75      0.73      0.73      1341

2026-06-14 23:24:29,286 [INFO] ** Validation accuracy improved from 72.56% to 73.23%. Saving model **
2026-06-14 23:24:31,109 [INFO] 
=============== Epoch 11/15 ===============
2026-06-14 23:32:53,425 [INFO] Evaluating validation set
2026-06-14 23:37:36,333 [INFO] Train Loss: 0.3938 | Train Acc: 88.57%
2026-06-14 23:37:36,334 [INFO] Val Loss:   0.7817 | Val Acc:   72.56%
2026-06-14 23:37:36,335 [INFO] 
 Validation Metrics Breakdown
2026-06-14 23:37:36,345 [INFO] 
              precision    recall  f1-score   support

           0       0.78      0.75      0.77       169
           1       0.80      0.80      0.80       189
           2       0.74      0.66      0.70       238
           3       0.43      0.14      0.21        85
           4       0.49      0.89      0.64       104
           5       0.70      0.76      0.73       222
           6       0.93      0.74      0.82       174
           7       0.73      0.84      0.78       160

    accuracy                           0.73      1341
   macro avg       0.70      0.70      0.68      1341
weighted avg       0.73      0.73      0.72      1341

2026-06-14 23:37:36,345 [INFO] No improvement in validation accuracy for 1 consecutive epoch(s).
2026-06-14 23:37:36,346 [INFO] 
=============== Epoch 12/15 ===============
2026-06-14 23:45:58,228 [INFO] Evaluating validation set
2026-06-14 23:50:42,176 [INFO] Train Loss: 0.3518 | Train Acc: 89.45%
2026-06-14 23:50:42,181 [INFO] Val Loss:   0.7526 | Val Acc:   73.23%
2026-06-14 23:50:42,182 [INFO] 
 Validation Metrics Breakdown
2026-06-14 23:50:42,191 [INFO] 
              precision    recall  f1-score   support

           0       0.79      0.74      0.76       169
           1       0.81      0.81      0.81       189
           2       0.66      0.77      0.71       238
           3       0.43      0.54      0.48        85
           4       0.55      0.45      0.49       104
           5       0.79      0.78      0.79       222
           6       0.93      0.66      0.77       174
           7       0.79      0.86      0.82       160

    accuracy                           0.73      1341
   macro avg       0.72      0.70      0.70      1341
weighted avg       0.74      0.73      0.73      1341

2026-06-14 23:50:42,191 [INFO] No improvement in validation accuracy for 2 consecutive epoch(s).
2026-06-14 23:50:42,191 [INFO] 
=============== Epoch 13/15 ===============
2026-06-14 23:59:06,173 [INFO] Evaluating validation set
2026-06-15 00:03:49,499 [INFO] Train Loss: 0.3262 | Train Acc: 90.94%
2026-06-15 00:03:49,503 [INFO] Val Loss:   0.7629 | Val Acc:   74.57%
2026-06-15 00:03:49,503 [INFO] 
 Validation Metrics Breakdown
2026-06-15 00:03:49,514 [INFO] 
              precision    recall  f1-score   support

           0       0.82      0.74      0.78       169
           1       0.90      0.76      0.82       189
           2       0.67      0.81      0.73       238
           3       0.45      0.69      0.55        85
           4       0.62      0.46      0.53       104
           5       0.81      0.74      0.77       222
           6       0.82      0.81      0.82       174
           7       0.80      0.79      0.80       160

    accuracy                           0.75      1341
   macro avg       0.74      0.73      0.72      1341
weighted avg       0.76      0.75      0.75      1341

2026-06-15 00:03:49,514 [INFO] ** Validation accuracy improved from 73.23% to 74.57%. Saving model **
2026-06-15 00:03:51,460 [INFO] 
=============== Epoch 14/15 ===============
2026-06-15 00:12:16,741 [INFO] Evaluating validation set
2026-06-15 00:17:01,660 [INFO] Train Loss: 0.2991 | Train Acc: 91.54%
2026-06-15 00:17:01,661 [INFO] Val Loss:   0.7336 | Val Acc:   75.02%
2026-06-15 00:17:01,661 [INFO] 
 Validation Metrics Breakdown
2026-06-15 00:17:01,672 [INFO] 
              precision    recall  f1-score   support

           0       0.85      0.72      0.78       169
           1       0.84      0.83      0.84       189
           2       0.65      0.81      0.72       238
           3       0.50      0.29      0.37        85
           4       0.55      0.78      0.65       104
           5       0.79      0.75      0.77       222
           6       0.91      0.78      0.84       174
           7       0.81      0.80      0.81       160

    accuracy                           0.75      1341
   macro avg       0.74      0.72      0.72      1341
weighted avg       0.76      0.75      0.75      1341

2026-06-15 00:17:01,672 [INFO] ** Validation accuracy improved from 74.57% to 75.02%. Saving model **
2026-06-15 00:17:03,573 [INFO] 
=============== Epoch 15/15 ===============
2026-06-15 00:25:29,066 [INFO] Evaluating validation set
2026-06-15 00:30:14,437 [INFO] Train Loss: 0.3045 | Train Acc: 90.43%
2026-06-15 00:30:14,443 [INFO] Val Loss:   0.8055 | Val Acc:   70.69%
2026-06-15 00:30:14,444 [INFO] 
 Validation Metrics Breakdown
2026-06-15 00:30:14,453 [INFO] 
              precision    recall  f1-score   support

           0       0.73      0.79      0.76       169
           1       0.93      0.61      0.73       189
           2       0.78      0.60      0.68       238
           3       0.39      0.81      0.53        85
           4       0.55      0.20      0.30       104
           5       0.71      0.80      0.75       222
           6       0.73      0.90      0.81       174
           7       0.78      0.82      0.80       160

    accuracy                           0.71      1341
   macro avg       0.70      0.69      0.67      1341
weighted avg       0.73      0.71      0.70      1341

2026-06-15 00:30:14,453 [INFO] No improvement in validation accuracy for 1 consecutive epoch(s).
2026-06-15 00:30:14,458 [INFO] 
============================================================
2026-06-15 00:30:14,458 [INFO] Training Pipeline Complete!
2026-06-15 00:30:14,458 [INFO] Best Validation Accuracy: 75.02%
2026-06-15 00:30:14,458 [INFO] Checkpoint safely stored at:
   -> /kaggle/working/Hierarchical-Deep-Temporal-Model-for-Group-Activity-Recognition/models/baseline_6/outputs/baseline_6_run_20260614_211220/best_baseline6_LSTM.pth
2026-06-15 00:30:14,458 [INFO] ============================================================

2026-06-15 00:30:14,459 [INFO] Baseline 6 Training Complete.
