2026-06-08 14:11:38,550 [INFO] Starting Baseline 5 Phase A (Player Temporal) Training Pipeline
2026-06-08 14:11:38,784 [INFO] Training on device: cuda
2026-06-08 14:14:58,370 [INFO] Calculating dynamic class weights from the dataset
2026-06-08 14:14:58,373 [INFO] Class distribution: [ 1534   597  1074   539   576  1342   167  2376 17498]
2026-06-08 14:14:58,376 [INFO] Applied Class Weights: [ 1.862  4.784  2.659  5.298  4.958  2.128 17.101  1.202  0.163]
2026-06-08 14:14:58,378 [INFO] Initializing training loop
2026-06-08 14:14:58,379 [INFO] All outputs will be saved to: /kaggle/working/Hierarchical-Deep-Temporal-Model-for-Group-Activity-Recognition/models/baseline_5/outputs/run_20260608_141138
2026-06-08 14:14:58,379 [INFO] 
=============== Epoch 1/15 ===============
2026-06-08 14:44:04,865 [INFO] Evaluating validation set
2026-06-08 14:58:55,022 [INFO] Train Loss: 1.4959 | Train Acc: 39.54%
2026-06-08 14:58:55,022 [INFO] Val Loss:   1.3889 | Val Acc:   48.45%
2026-06-08 14:58:55,022 [INFO] 
 Validation Metrics Breakdown
2026-06-08 14:58:55,053 [INFO] 
              precision    recall  f1-score   support

           0       0.29      0.63      0.40      1073
           1       0.70      0.64      0.67       356
           2       0.14      0.06      0.09       644
           3       0.57      0.81      0.67       327
           4       0.11      0.79      0.20       379
           5       0.30      0.94      0.45       821
           6       0.00      0.00      0.00       104
           7       0.27      0.35      0.30      1442
           8       0.90      0.46      0.61     10835

    accuracy                           0.48     15981
   macro avg       0.36      0.52      0.38     15981
weighted avg       0.71      0.48      0.53     15981

2026-06-08 14:58:55,053 [INFO] ** Validation accuracy improved from 0.00% to 48.45%. Saving model... **
2026-06-08 14:58:56,484 [INFO] 
=============== Epoch 2/15 ===============
2026-06-08 15:26:12,964 [INFO] Evaluating validation set
2026-06-08 15:40:17,621 [INFO] Train Loss: 1.0512 | Train Acc: 59.66%
2026-06-08 15:40:17,621 [INFO] Val Loss:   1.0837 | Val Acc:   51.67%
2026-06-08 15:40:17,622 [INFO] 
 Validation Metrics Breakdown
2026-06-08 15:40:17,645 [INFO] 
              precision    recall  f1-score   support

           0       0.21      0.88      0.34      1073
           1       0.49      0.88      0.63       356
           2       0.12      0.30      0.17       644
           3       0.72      0.81      0.76       327
           4       0.49      0.73      0.59       379
           5       0.60      0.88      0.71       821
           6       0.00      0.00      0.00       104
           7       0.36      0.45      0.40      1442
           8       0.95      0.45      0.61     10835

    accuracy                           0.52     15981
   macro avg       0.44      0.60      0.47     15981
weighted avg       0.76      0.52      0.56     15981

2026-06-08 15:40:17,646 [INFO] ** Validation accuracy improved from 48.45% to 51.67%. Saving model... **
2026-06-08 15:40:19,141 [INFO] 
=============== Epoch 3/15 ===============
2026-06-08 16:08:13,251 [INFO] Evaluating validation set
2026-06-08 16:24:20,320 [INFO] Train Loss: 0.9039 | Train Acc: 64.19%
2026-06-08 16:24:20,320 [INFO] Val Loss:   1.0261 | Val Acc:   57.44%
2026-06-08 16:24:20,321 [INFO] 
 Validation Metrics Breakdown
2026-06-08 16:24:20,347 [INFO] 
              precision    recall  f1-score   support

           0       0.33      0.77      0.47      1073
           1       0.41      0.90      0.56       356
           2       0.12      0.42      0.18       644
           3       0.48      0.91      0.63       327
           4       0.71      0.56      0.63       379
           5       0.54      0.91      0.68       821
           6       0.03      0.06      0.04       104
           7       0.44      0.55      0.49      1442
           8       0.93      0.53      0.67     10835

    accuracy                           0.57     15981
   macro avg       0.44      0.62      0.48     15981
weighted avg       0.76      0.57      0.61     15981

2026-06-08 16:24:20,347 [INFO] ** Validation accuracy improved from 51.67% to 57.44%. Saving model... **
2026-06-08 16:24:21,842 [INFO] 
=============== Epoch 4/15 ===============
2026-06-08 16:55:23,771 [INFO] Evaluating validation set
2026-06-08 17:13:06,015 [INFO] Train Loss: 0.7861 | Train Acc: 65.19%
2026-06-08 17:13:06,015 [INFO] Val Loss:   0.9718 | Val Acc:   55.12%
2026-06-08 17:13:06,015 [INFO] 
 Validation Metrics Breakdown
2026-06-08 17:13:06,040 [INFO] 
              precision    recall  f1-score   support

           0       0.36      0.71      0.48      1073
           1       0.57      0.87      0.69       356
           2       0.18      0.50      0.27       644
           3       0.60      0.90      0.72       327
           4       0.65      0.68      0.67       379
           5       0.65      0.86      0.74       821
           6       0.02      0.16      0.03       104
           7       0.33      0.77      0.46      1442
           8       0.94      0.46      0.62     10835

    accuracy                           0.55     15981
   macro avg       0.48      0.66      0.52     15981
weighted avg       0.77      0.55      0.59     15981

2026-06-08 17:13:06,040 [INFO] 
=============== Epoch 5/15 ===============
2026-06-08 17:39:03,127 [INFO] Evaluating validation set
2026-06-08 17:52:56,289 [INFO] Train Loss: 0.6982 | Train Acc: 67.20%
2026-06-08 17:52:56,290 [INFO] Val Loss:   0.9537 | Val Acc:   65.83%
2026-06-08 17:52:56,290 [INFO] 
 Validation Metrics Breakdown
2026-06-08 17:52:56,313 [INFO] 
              precision    recall  f1-score   support

           0       0.47      0.57      0.51      1073
           1       0.55      0.88      0.68       356
           2       0.28      0.44      0.34       644
           3       0.76      0.83      0.80       327
           4       0.73      0.72      0.72       379
           5       0.58      0.88      0.70       821
           6       0.05      0.27      0.08       104
           7       0.37      0.76      0.50      1442
           8       0.92      0.64      0.75     10835

    accuracy                           0.66     15981
   macro avg       0.52      0.66      0.56     15981
weighted avg       0.77      0.66      0.69     15981

2026-06-08 17:52:56,313 [INFO] ** Validation accuracy improved from 57.44% to 65.83%. Saving model... **
2026-06-08 17:52:57,779 [INFO] 
=============== Epoch 6/15 ===============
2026-06-08 18:18:39,544 [INFO] Evaluating validation set
2026-06-08 18:33:22,905 [INFO] Train Loss: 0.6195 | Train Acc: 69.22%
2026-06-08 18:33:22,905 [INFO] Val Loss:   1.0081 | Val Acc:   61.19%
2026-06-08 18:33:22,905 [INFO] 
 Validation Metrics Breakdown
2026-06-08 18:33:22,930 [INFO] 
              precision    recall  f1-score   support

           0       0.38      0.72      0.49      1073
           1       0.64      0.86      0.73       356
           2       0.30      0.41      0.34       644
           3       0.82      0.81      0.81       327
           4       0.67      0.74      0.70       379
           5       0.60      0.91      0.72       821
           6       0.04      0.28      0.06       104
           7       0.34      0.80      0.48      1442
           8       0.93      0.55      0.69     10835

    accuracy                           0.61     15981
   macro avg       0.52      0.67      0.56     15981
weighted avg       0.78      0.61      0.65     15981

2026-06-08 18:33:22,930 [INFO] 
=============== Epoch 7/15 ===============
2026-06-08 18:59:25,146 [INFO] Evaluating validation set
2026-06-08 19:13:46,159 [INFO] Train Loss: 0.5460 | Train Acc: 71.02%
2026-06-08 19:13:46,159 [INFO] Val Loss:   1.0067 | Val Acc:   59.35%
2026-06-08 19:13:46,159 [INFO] 
 Validation Metrics Breakdown
2026-06-08 19:13:46,190 [INFO] 
              precision    recall  f1-score   support

           0       0.30      0.68      0.42      1073
           1       0.78      0.75      0.76       356
           2       0.19      0.71      0.30       644
           3       0.79      0.81      0.80       327
           4       0.82      0.68      0.74       379
           5       0.77      0.80      0.78       821
           6       0.07      0.34      0.11       104
           7       0.39      0.74      0.51      1442
           8       0.94      0.53      0.68     10835

    accuracy                           0.59     15981
   macro avg       0.56      0.67      0.57     15981
weighted avg       0.80      0.59      0.64     15981

2026-06-08 19:13:46,190 [INFO] 
=============== Epoch 8/15 ===============
2026-06-08 19:39:23,224 [INFO] Evaluating validation set
2026-06-08 19:53:43,680 [INFO] Train Loss: 0.4902 | Train Acc: 72.50%
2026-06-08 19:53:43,680 [INFO] Val Loss:   1.0474 | Val Acc:   57.55%
2026-06-08 19:53:43,681 [INFO] 
 Validation Metrics Breakdown
2026-06-08 19:53:43,705 [INFO] 
              precision    recall  f1-score   support

           0       0.33      0.73      0.46      1073
           1       0.74      0.77      0.75       356
           2       0.24      0.53      0.33       644
           3       0.33      0.92      0.48       327
           4       0.73      0.69      0.71       379
           5       0.49      0.89      0.63       821
           6       0.06      0.33      0.10       104
           7       0.38      0.74      0.50      1442
           8       0.95      0.50      0.65     10835

    accuracy                           0.58     15981
   macro avg       0.47      0.68      0.51     15981
weighted avg       0.78      0.58      0.61     15981

2026-06-08 19:53:43,705 [INFO] 
=============== Epoch 9/15 ===============
2026-06-08 20:19:10,304 [INFO] Evaluating validation set
2026-06-08 20:33:10,670 [INFO] Train Loss: 0.3320 | Train Acc: 77.73%
2026-06-08 20:33:10,670 [INFO] Val Loss:   1.0228 | Val Acc:   68.58%
2026-06-08 20:33:10,671 [INFO] 
 Validation Metrics Breakdown
2026-06-08 20:33:10,695 [INFO] 
              precision    recall  f1-score   support

           0       0.45      0.57      0.50      1073
           1       0.55      0.88      0.68       356
           2       0.25      0.60      0.35       644
           3       0.56      0.92      0.70       327
           4       0.76      0.71      0.74       379
           5       0.62      0.90      0.74       821
           6       0.10      0.27      0.14       104
           7       0.45      0.71      0.55      1442
           8       0.92      0.67      0.78     10835

    accuracy                           0.69     15981
   macro avg       0.52      0.69      0.58     15981
weighted avg       0.78      0.69      0.71     15981

2026-06-08 20:33:10,695 [INFO] ** Validation accuracy improved from 65.83% to 68.58%. Saving model... **
2026-06-08 20:33:12,180 [INFO] 
=============== Epoch 10/15 ===============
2026-06-08 20:58:17,955 [INFO] Evaluating validation set
2026-06-08 21:12:00,829 [INFO] Train Loss: 0.2492 | Train Acc: 81.76%
2026-06-08 21:12:00,829 [INFO] Val Loss:   1.0661 | Val Acc:   63.69%
2026-06-08 21:12:00,830 [INFO] 
 Validation Metrics Breakdown
2026-06-08 21:12:00,862 [INFO] 
              precision    recall  f1-score   support

           0       0.43      0.61      0.50      1073
           1       0.65      0.86      0.74       356
           2       0.28      0.54      0.37       644
           3       0.44      0.92      0.59       327
           4       0.75      0.77      0.76       379
           5       0.69      0.87      0.77       821
           6       0.11      0.32      0.16       104
           7       0.33      0.81      0.47      1442
           8       0.93      0.59      0.72     10835

    accuracy                           0.64     15981
   macro avg       0.51      0.70      0.57     15981
weighted avg       0.78      0.64      0.67     15981

2026-06-08 21:12:00,863 [INFO] 
=============== Epoch 11/15 ===============
2026-06-08 21:37:19,267 [INFO] Evaluating validation set
2026-06-08 21:51:04,956 [INFO] Train Loss: 0.2200 | Train Acc: 83.67%
2026-06-08 21:51:04,956 [INFO] Val Loss:   1.2465 | Val Acc:   70.95%
2026-06-08 21:51:04,956 [INFO] 
 Validation Metrics Breakdown
2026-06-08 21:51:04,980 [INFO] 
              precision    recall  f1-score   support

           0       0.42      0.60      0.50      1073
           1       0.61      0.87      0.72       356
           2       0.35      0.48      0.40       644
           3       0.77      0.84      0.81       327
           4       0.73      0.74      0.74       379
           5       0.69      0.88      0.77       821
           6       0.09      0.22      0.13       104
           7       0.43      0.75      0.55      1442
           8       0.91      0.71      0.80     10835

    accuracy                           0.71     15981
   macro avg       0.56      0.68      0.60     15981
weighted avg       0.78      0.71      0.73     15981

2026-06-08 21:51:04,980 [INFO] ** Validation accuracy improved from 68.58% to 70.95%. Saving model... **
2026-06-08 21:51:06,484 [INFO] 
=============== Epoch 12/15 ===============
2026-06-08 22:16:11,575 [INFO] Evaluating validation set
2026-06-08 22:30:28,947 [INFO] Train Loss: 0.1482 | Train Acc: 87.87%
2026-06-08 22:30:28,948 [INFO] Val Loss:   1.3431 | Val Acc:   72.59%
2026-06-08 22:30:28,948 [INFO] 
 Validation Metrics Breakdown
2026-06-08 22:30:28,972 [INFO] 
              precision    recall  f1-score   support

           0       0.43      0.60      0.50      1073
           1       0.69      0.84      0.76       356
           2       0.34      0.55      0.42       644
           3       0.77      0.85      0.81       327
           4       0.79      0.75      0.77       379
           5       0.75      0.85      0.80       821
           6       0.12      0.18      0.15       104
           7       0.44      0.72      0.55      1442
           8       0.90      0.74      0.81     10835

    accuracy                           0.73     15981
   macro avg       0.58      0.68      0.62     15981
weighted avg       0.78      0.73      0.74     15981

2026-06-08 22:30:28,972 [INFO] ** Validation accuracy improved from 70.95% to 72.59%. Saving model... **
2026-06-08 22:30:30,505 [INFO] 
=============== Epoch 13/15 ===============
2026-06-08 22:55:42,127 [INFO] Evaluating validation set
2026-06-08 23:09:34,888 [INFO] Train Loss: 0.1181 | Train Acc: 90.10%
2026-06-08 23:09:34,889 [INFO] Val Loss:   1.3934 | Val Acc:   74.33%
2026-06-08 23:09:34,889 [INFO] 
 Validation Metrics Breakdown
2026-06-08 23:09:34,912 [INFO] 
              precision    recall  f1-score   support

           0       0.43      0.61      0.51      1073
           1       0.72      0.84      0.78       356
           2       0.36      0.50      0.42       644
           3       0.81      0.84      0.83       327
           4       0.79      0.75      0.77       379
           5       0.76      0.85      0.80       821
           6       0.12      0.23      0.16       104
           7       0.48      0.72      0.58      1442
           8       0.90      0.76      0.83     10835

    accuracy                           0.74     15981
   macro avg       0.60      0.68      0.63     15981
weighted avg       0.79      0.74      0.76     15981

2026-06-08 23:09:34,912 [INFO] ** Validation accuracy improved from 72.59% to 74.33%. Saving model... **
2026-06-08 23:09:36,411 [INFO] 
=============== Epoch 14/15 ===============
2026-06-08 23:34:41,951 [INFO] Evaluating validation set
2026-06-08 23:48:35,909 [INFO] Train Loss: 0.0980 | Train Acc: 91.48%
2026-06-08 23:48:35,909 [INFO] Val Loss:   1.6022 | Val Acc:   75.72%
2026-06-08 23:48:35,909 [INFO] 
 Validation Metrics Breakdown
2026-06-08 23:48:35,934 [INFO] 
              precision    recall  f1-score   support

           0       0.47      0.47      0.47      1073
           1       0.68      0.85      0.76       356
           2       0.34      0.53      0.42       644
           3       0.70      0.88      0.78       327
           4       0.83      0.72      0.77       379
           5       0.77      0.85      0.81       821
           6       0.14      0.26      0.18       104
           7       0.54      0.64      0.59      1442
           8       0.88      0.81      0.84     10835

    accuracy                           0.76     15981
   macro avg       0.59      0.67      0.62     15981
weighted avg       0.78      0.76      0.77     15981

2026-06-08 23:48:35,934 [INFO] ** Validation accuracy improved from 74.33% to 75.72%. Saving model... **
2026-06-08 23:48:37,494 [INFO] 
=============== Epoch 15/15 ===============
2026-06-09 00:13:55,459 [INFO] Evaluating validation set
2026-06-09 00:27:50,395 [INFO] Train Loss: 0.0726 | Train Acc: 93.74%
2026-06-09 00:27:50,396 [INFO] Val Loss:   1.6362 | Val Acc:   74.28%
2026-06-09 00:27:50,396 [INFO] 
 Validation Metrics Breakdown
2026-06-09 00:27:50,420 [INFO] 
              precision    recall  f1-score   support

           0       0.46      0.52      0.49      1073
           1       0.71      0.84      0.77       356
           2       0.36      0.56      0.44       644
           3       0.70      0.88      0.78       327
           4       0.81      0.73      0.77       379
           5       0.77      0.86      0.81       821
           6       0.13      0.21      0.16       104
           7       0.47      0.70      0.56      1442
           8       0.89      0.77      0.83     10835

    accuracy                           0.74     15981
   macro avg       0.59      0.67      0.62     15981
weighted avg       0.78      0.74      0.76     15981

2026-06-09 00:27:50,421 [INFO] Phase A Training Complete
